# JRE version: Java(TM) SE Runtime Environment (19.0.2+7) (build 19.0.2+7-44)
# Java VM: Java HotSpot(TM) 64-Bit Server VM (19.0.2+7-44, mixed mode, sharing, tiered, compressed oops, compressed class ptrs, g1 gc, windows-amd64)
GC Precious Log:
 CardTable entry size: 512
 Card Set container configuration: InlinePtr #cards 5 size 8 Array Of Cards #cards 12 size 40 Howl #buckets 4 coarsen threshold 1843 Howl Bitmap #cards 512 size 80 coarsen threshold 460 Card regions per heap region 1 cards per card region 2048
 CPUs: 8 total, 8 available
 Memory: 7959M
 Large Page Support: Disabled
 NUMA Support: Disabled
 Compressed Oops: Enabled (32-bit)
 Heap Region Size: 1M
 Heap Min Capacity: 8M
 Heap Initial Capacity: 126M
 Heap Max Capacity: 1990M
 Pre-touch: Disabled
 Parallel Workers: 8
 Concurrent Workers: 2
 Concurrent Refinement Workers: 8
 Periodic GC: Disabled
Heap:
 garbage-first heap   total 301056K, used 178459K [0x0000000083a00000, 0x0000000100000000)
  region size 1024K, 5 young (5120K), 5 survivors (5120K)
 Metaspace       used 18238K, committed 18432K, reserved 1114112K
  class space    used 1934K, committed 2048K, reserved 1048576K
GC Heap History (20 events):
Event: 1.599 GC heap after
{Heap after GC invocations=7 (full 0):
 garbage-first heap   total 177152K, used 77491K [0x0000000083a00000, 0x0000000100000000)
  region size 1024K, 1 young (1024K), 1 survivors (1024K)
 Metaspace       used 6410K, committed 6592K, reserved 1114112K
  class space    used 679K, committed 768K, reserved 1048576K
}
Event: 6.154 GC heap before
{Heap before GC invocations=7 (full 0):
 garbage-first heap   total 177152K, used 94899K [0x0000000083a00000, 0x0000000100000000)
  region size 1024K, 12 young (12288K), 1 survivors (1024K)
 Metaspace       used 8453K, committed 8704K, reserved 1114112K
  class space    used 913K, committed 1024K, reserved 1048576K
}
Event: 6.158 GC heap after
{Heap after GC invocations=8 (full 0):
 garbage-first heap   total 177152K, used 86842K [0x0000000083a00000, 0x0000000100000000)
  region size 1024K, 2 young (2048K), 2 survivors (2048K)
 Metaspace       used 8453K, committed 8704K, reserved 1114112K
  class space    used 913K, committed 1024K, reserved 1048576K
}
Event: 6.182 GC heap before
{Heap before GC invocations=9 (full 0):
 garbage-first heap   total 177152K, used 96058K [0x0000000083a00000, 0x0000000100000000)
  region size 1024K, 8 young (8192K), 2 survivors (2048K)
 Metaspace       used 8454K, committed 8704K, reserved 1114112K
  class space    used 913K, committed 1024K, reserved 1048576K
}
Event: 6.184 GC heap after
{Heap after GC invocations=10 (full 0):
 garbage-first heap   total 177152K, used 90975K [0x0000000083a00000, 0x0000000100000000)
  region size 1024K, 2 young (2048K), 2 survivors (2048K)
 Metaspace       used 8454K, committed 8704K, reserved 1114112K
  class space    used 913K, committed 1024K, reserved 1048576K
}
Event: 8.475 GC heap before
{Heap before GC invocations=11 (full 0):
 garbage-first heap   total 177152K, used 104287K [0x0000000083a00000, 0x0000000100000000)
  region size 1024K, 16 young (16384K), 2 survivors (2048K)
 Metaspace       used 17662K, committed 17856K, reserved 1114112K
  class space    used 1899K, committed 1984K, reserved 1048576K
}
Event: 8.482 GC heap after
{Heap after GC invocations=12 (full 0):
 garbage-first heap   total 177152K, used 94732K [0x0000000083a00000, 0x0000000100000000)
  region size 1024K, 5 young (5120K), 5 survivors (5120K)
 Metaspace       used 17662K, committed 17856K, reserved 1114112K
  class space    used 1899K, committed 1984K, reserved 1048576K
}
Event: 8.535 GC heap before
{Heap before GC invocations=13 (full 0):
 garbage-first heap   total 177152K, used 101900K [0x0000000083a00000, 0x0000000100000000)
  region size 1024K, 10 young (10240K), 5 survivors (5120K)
 Metaspace       used 17684K, committed 17856K, reserved 1114112K
  class space    used 1901K, committed 1984K, reserved 1048576K
}
Event: 8.540 GC heap after
{Heap after GC invocations=14 (full 0):
 garbage-first heap   total 177152K, used 97855K [0x0000000083a00000, 0x0000000100000000)
  region size 1024K, 4 young (4096K), 4 survivors (4096K)
 Metaspace       used 17684K, committed 17856K, reserved 1114112K
  class space    used 1901K, committed 1984K, reserved 1048576K
}
Event: 9.934 GC heap before
{Heap before GC invocations=15 (full 0):
 garbage-first heap   total 177152K, used 101951K [0x0000000083a00000, 0x0000000100000000)
  region size 1024K, 8 young (8192K), 4 survivors (4096K)
 Metaspace       used 17872K, committed 18112K, reserved 1114112K
  class space    used 1911K, committed 2048K, reserved 1048576K
}
Event: 9.940 GC heap after
{Heap after GC invocations=16 (full 0):
 garbage-first heap   total 216064K, used 99213K [0x0000000083a00000, 0x0000000100000000)
  region size 1024K, 5 young (5120K), 5 survivors (5120K)
 Metaspace       used 17872K, committed 18112K, reserved 1114112K
  class space    used 1911K, committed 2048K, reserved 1048576K
}
Event: 9.950 GC heap before
{Heap before GC invocations=16 (full 0):
 garbage-first heap   total 216064K, used 103309K [0x0000000083a00000, 0x0000000100000000)
  region size 1024K, 8 young (8192K), 5 survivors (5120K)
 Metaspace       used 17872K, committed 18112K, reserved 1114112K
  class space    used 1911K, committed 2048K, reserved 1048576K
}
Event: 9.956 GC heap after
{Heap after GC invocations=17 (full 0):
 garbage-first heap   total 216064K, used 101030K [0x0000000083a00000, 0x0000000100000000)
  region size 1024K, 4 young (4096K), 4 survivors (4096K)
 Metaspace       used 17872K, committed 18112K, reserved 1114112K
  class space    used 1911K, committed 2048K, reserved 1048576K
}
Event: 11.291 GC heap before
{Heap before GC invocations=18 (full 0):
 garbage-first heap   total 216064K, used 107174K [0x0000000083a00000, 0x0000000100000000)
  region size 1024K, 9 young (9216K), 4 survivors (4096K)
 Metaspace       used 18168K, committed 18368K, reserved 1114112K
  class space    used 1927K, committed 2048K, reserved 1048576K
}
Event: 11.296 GC heap after
{Heap after GC invocations=19 (full 0):
 garbage-first heap   total 216064K, used 103056K [0x0000000083a00000, 0x0000000100000000)
  region size 1024K, 4 young (4096K), 4 survivors (4096K)
 Metaspace       used 18168K, committed 18368K, reserved 1114112K
  class space    used 1927K, committed 2048K, reserved 1048576K
}
Event: 11.745 GC heap before
{Heap before GC invocations=20 (full 0):
 garbage-first heap   total 281600K, used 246416K [0x0000000083a00000, 0x0000000100000000)
  region size 1024K, 84 young (86016K), 4 survivors (4096K)
 Metaspace       used 18168K, committed 18368K, reserved 1114112K
  class space    used 1927K, committed 2048K, reserved 1048576K
}
Event: 11.750 GC heap after
{Heap after GC invocations=21 (full 0):
 garbage-first heap   total 281600K, used 166929K [0x0000000083a00000, 0x0000000100000000)
  region size 1024K, 5 young (5120K), 5 survivors (5120K)
 Metaspace       used 18168K, committed 18368K, reserved 1114112K
  class space    used 1927K, committed 2048K, reserved 1048576K
}
Event: 11.773 GC heap before
{Heap before GC invocations=22 (full 0):
 garbage-first heap   total 295936K, used 182289K [0x0000000083a00000, 0x0000000100000000)
  region size 1024K, 13 young (13312K), 5 survivors (5120K)
 Metaspace       used 18168K, committed 18368K, reserved 1114112K
  class space    used 1927K, committed 2048K, reserved 1048576K
}
Event: 11.778 GC heap after
{Heap after GC invocations=23 (full 0):
 garbage-first heap   total 295936K, used 174998K [0x0000000083a00000, 0x0000000100000000)
  region size 1024K, 5 young (5120K), 5 survivors (5120K)
 Metaspace       used 18168K, committed 18368K, reserved 1114112K
  class space    used 1927K, committed 2048K, reserved 1048576K
}
Event: 11.812 GC heap before
{Heap before GC invocations=24 (full 0):
 garbage-first heap   total 301056K, used 180118K [0x0000000083a00000, 0x0000000100000000)
  region size 1024K, 8 young (8192K), 5 survivors (5120K)
 Metaspace       used 18238K, committed 18432K, reserved 1114112K
  class space    used 1934K, committed 2048K, reserved 1048576K
}

