# JRE version: Java(TM) SE Runtime Environment (19.0.2+7) (build 19.0.2+7-44)
# Java VM: Java HotSpot(TM) 64-Bit Server VM (19.0.2+7-44, mixed mode, sharing, tiered, compressed oops, compressed class ptrs, g1 gc, windows-amd64)
GC Precious Log:
 CardTable entry size: 512
 Card Set container configuration: InlinePtr #cards 5 size 8 Array Of Cards #cards 12 size 40 Howl #buckets 4 coarsen threshold 1843 Howl Bitmap #cards 512 size 80 coarsen threshold 460 Card regions per heap region 1 cards per card region 2048
 CPUs: 8 total, 8 available
 Memory: 7959M
 Large Page Support: Disabled
 NUMA Support: Disabled
 Compressed Oops: Enabled (32-bit)
 Heap Region Size: 1M
 Heap Min Capacity: 8M
 Heap Initial Capacity: 126M
 Heap Max Capacity: 1990M
 Pre-touch: Disabled
 Parallel Workers: 8
 Concurrent Workers: 2
 Concurrent Refinement Workers: 8
 Periodic GC: Disabled
Heap:
 garbage-first heap   total 351232K, used 312134K [0x0000000083a00000, 0x0000000100000000)
  region size 1024K, 2 young (2048K), 2 survivors (2048K)
 Metaspace       used 5165K, committed 5440K, reserved 1114112K
  class space    used 525K, committed 640K, reserved 1048576K
GC Heap History (8 events):
Event: 0.317 GC heap before
{Heap before GC invocations=0 (full 0):
 garbage-first heap   total 129024K, used 7168K [0x0000000083a00000, 0x0000000100000000)
  region size 1024K, 8 young (8192K), 0 survivors (0K)
 Metaspace       used 4879K, committed 5184K, reserved 1114112K
  class space    used 494K, committed 640K, reserved 1048576K
}
Event: 0.322 GC heap after
{Heap after GC invocations=1 (full 0):
 garbage-first heap   total 129024K, used 2560K [0x0000000083a00000, 0x0000000100000000)
  region size 1024K, 3 young (3072K), 3 survivors (3072K)
 Metaspace       used 4879K, committed 5184K, reserved 1114112K
  class space    used 494K, committed 640K, reserved 1048576K
}
Event: 0.505 GC heap before
{Heap before GC invocations=1 (full 0):
 garbage-first heap   total 129024K, used 84480K [0x0000000083a00000, 0x0000000100000000)
  region size 1024K, 22 young (22528K), 3 survivors (3072K)
 Metaspace       used 4999K, committed 5248K, reserved 1114112K
  class space    used 500K, committed 640K, reserved 1048576K
}
Event: 0.508 GC heap after
{Heap after GC invocations=2 (full 0):
 garbage-first heap   total 129024K, used 66420K [0x0000000083a00000, 0x0000000100000000)
  region size 1024K, 1 young (1024K), 1 survivors (1024K)
 Metaspace       used 4999K, committed 5248K, reserved 1114112K
  class space    used 500K, committed 640K, reserved 1048576K
}
Event: 0.598 GC heap before
{Heap before GC invocations=2 (full 0):
 garbage-first heap   total 129024K, used 106356K [0x0000000083a00000, 0x0000000100000000)
  region size 1024K, 41 young (41984K), 1 survivors (1024K)
 Metaspace       used 4999K, committed 5248K, reserved 1114112K
  class space    used 500K, committed 640K, reserved 1048576K
}
Event: 0.598 GC heap after
{Heap after GC invocations=3 (full 0):
 garbage-first heap   total 129024K, used 66070K [0x0000000083a00000, 0x0000000100000000)
  region size 1024K, 1 young (1024K), 1 survivors (1024K)
 Metaspace       used 4999K, committed 5248K, reserved 1114112K
  class space    used 500K, committed 640K, reserved 1048576K
}
Event: 0.829 GC heap before
{Heap before GC invocations=4 (full 0):
 garbage-first heap   total 129024K, used 87574K [0x0000000083a00000, 0x0000000100000000)
  region size 1024K, 23 young (23552K), 1 survivors (1024K)
 Metaspace       used 5165K, committed 5440K, reserved 1114112K
  class space    used 525K, committed 640K, reserved 1048576K
}
Event: 0.831 GC heap after
{Heap after GC invocations=5 (full 0):
 garbage-first heap   total 129024K, used 67398K [0x0000000083a00000, 0x0000000100000000)
  region size 1024K, 2 young (2048K), 2 survivors (2048K)
 Metaspace       used 5165K, committed 5440K, reserved 1114112K
  class space    used 525K, committed 640K, reserved 1048576K
}

