# JRE version: Java(TM) SE Runtime Environment (19.0.2+7) (build 19.0.2+7-44)
# Java VM: Java HotSpot(TM) 64-Bit Server VM (19.0.2+7-44, mixed mode, sharing, tiered, compressed oops, compressed class ptrs, g1 gc, windows-amd64)
GC Precious Log:
 CardTable entry size: 512
 Card Set container configuration: InlinePtr #cards 5 size 8 Array Of Cards #cards 12 size 40 Howl #buckets 4 coarsen threshold 1843 Howl Bitmap #cards 512 size 80 coarsen threshold 460 Card regions per heap region 1 cards per card region 2048
 CPUs: 8 total, 8 available
 Memory: 7959M
 Large Page Support: Disabled
 NUMA Support: Disabled
 Compressed Oops: Enabled (32-bit)
 Heap Region Size: 1M
 Heap Min Capacity: 8M
 Heap Initial Capacity: 126M
 Heap Max Capacity: 1990M
 Pre-touch: Disabled
 Parallel Workers: 8
 Concurrent Workers: 2
 Concurrent Refinement Workers: 8
 Periodic GC: Disabled
Heap:
 garbage-first heap   total 147456K, used 86759K [0x0000000083a00000, 0x0000000100000000)
  region size 1024K, 2 young (2048K), 2 survivors (2048K)
 Metaspace       used 7463K, committed 7744K, reserved 1114112K
  class space    used 768K, committed 896K, reserved 1048576K
GC Heap History (11 events):
Event: 0.360 GC heap before
{Heap before GC invocations=0 (full 0):
 garbage-first heap   total 129024K, used 10240K [0x0000000083a00000, 0x0000000100000000)
  region size 1024K, 9 young (9216K), 0 survivors (0K)
 Metaspace       used 5054K, committed 5312K, reserved 1114112K
  class space    used 515K, committed 640K, reserved 1048576K
}
Event: 0.364 GC heap after
{Heap after GC invocations=1 (full 0):
 garbage-first heap   total 129024K, used 4672K [0x0000000083a00000, 0x0000000100000000)
  region size 1024K, 3 young (3072K), 3 survivors (3072K)
 Metaspace       used 5054K, committed 5312K, reserved 1114112K
  class space    used 515K, committed 640K, reserved 1048576K
}
Event: 0.593 GC heap before
{Heap before GC invocations=1 (full 0):
 garbage-first heap   total 129024K, used 91712K [0x0000000083a00000, 0x0000000100000000)
  region size 1024K, 23 young (23552K), 3 survivors (3072K)
 Metaspace       used 5059K, committed 5312K, reserved 1114112K
  class space    used 515K, committed 640K, reserved 1048576K
}
Event: 0.596 GC heap after
{Heap after GC invocations=2 (full 0):
 garbage-first heap   total 129024K, used 72592K [0x0000000083a00000, 0x0000000100000000)
  region size 1024K, 1 young (1024K), 1 survivors (1024K)
 Metaspace       used 5059K, committed 5312K, reserved 1114112K
  class space    used 515K, committed 640K, reserved 1048576K
}
Event: 0.681 GC heap before
{Heap before GC invocations=2 (full 0):
 garbage-first heap   total 129024K, used 105360K [0x0000000083a00000, 0x0000000100000000)
  region size 1024K, 34 young (34816K), 1 survivors (1024K)
 Metaspace       used 5059K, committed 5312K, reserved 1114112K
  class space    used 515K, committed 640K, reserved 1048576K
}
Event: 0.682 GC heap after
{Heap after GC invocations=3 (full 0):
 garbage-first heap   total 129024K, used 72244K [0x0000000083a00000, 0x0000000100000000)
  region size 1024K, 1 young (1024K), 1 survivors (1024K)
 Metaspace       used 5059K, committed 5312K, reserved 1114112K
  class space    used 515K, committed 640K, reserved 1048576K
}
Event: 0.807 GC heap before
{Heap before GC invocations=4 (full 0):
 garbage-first heap   total 129024K, used 99892K [0x0000000083a00000, 0x0000000100000000)
  region size 1024K, 30 young (30720K), 1 survivors (1024K)
 Metaspace       used 5059K, committed 5312K, reserved 1114112K
  class space    used 515K, committed 640K, reserved 1048576K
}
Event: 0.808 GC heap after
{Heap after GC invocations=5 (full 0):
 garbage-first heap   total 129024K, used 72195K [0x0000000083a00000, 0x0000000100000000)
  region size 1024K, 1 young (1024K), 1 survivors (1024K)
 Metaspace       used 5059K, committed 5312K, reserved 1114112K
  class space    used 515K, committed 640K, reserved 1048576K
}
Event: 1.272 GC heap before
{Heap before GC invocations=6 (full 0):
 garbage-first heap   total 133120K, used 85507K [0x0000000083a00000, 0x0000000100000000)
  region size 1024K, 10 young (10240K), 1 survivors (1024K)
 Metaspace       used 6459K, committed 6720K, reserved 1114112K
  class space    used 685K, committed 832K, reserved 1048576K
}
Event: 1.273 GC heap after
{Heap after GC invocations=7 (full 0):
 garbage-first heap   total 133120K, used 77490K [0x0000000083a00000, 0x0000000100000000)
  region size 1024K, 1 young (1024K), 1 survivors (1024K)
 Metaspace       used 6459K, committed 6720K, reserved 1114112K
  class space    used 685K, committed 832K, reserved 1048576K
}
Event: 8.482 GC heap before
{Heap before GC invocations=8 (full 0):
 garbage-first heap   total 147456K, used 94898K [0x0000000083a00000, 0x0000000100000000)
  region size 1024K, 12 young (12288K), 1 survivors (1024K)
 Metaspace       used 7463K, committed 7744K, reserved 1114112K
  class space    used 768K, committed 896K, reserved 1048576K
}

